<?xml version="1.0" encoding="UTF-8"?>
<testng-results skipped="0" failed="0" total="2" passed="2">
  <reporter-output>
  </reporter-output>
  <suite name="Suite" duration-ms="8678" started-at="2017-08-17T05:23:01Z" finished-at="2017-08-17T05:23:09Z">
    <groups>
    </groups>
    <test name="Test" duration-ms="8678" started-at="2017-08-17T05:23:01Z" finished-at="2017-08-17T05:23:09Z">
      <class name="com.masReport.MailSend.NewTest">
        <test-method status="PASS" signature="beforeTest()[pri:0, instance:com.masReport.MailSend.NewTest@327471b5]" name="beforeTest" is-config="true" duration-ms="6609" started-at="2017-08-17T10:53:01Z" finished-at="2017-08-17T10:53:07Z">
          <reporter-output>
          </reporter-output>
        </test-method> <!-- beforeTest -->
        <test-method status="PASS" signature="f()[pri:0, instance:com.masReport.MailSend.NewTest@327471b5]" name="f" duration-ms="13" started-at="2017-08-17T10:53:07Z" finished-at="2017-08-17T10:53:07Z">
          <reporter-output>
          </reporter-output>
        </test-method> <!-- f -->
        <test-method status="PASS" signature="report()[pri:0, instance:com.masReport.MailSend.NewTest@327471b5]" name="report" duration-ms="765" started-at="2017-08-17T10:53:07Z" finished-at="2017-08-17T10:53:08Z">
          <reporter-output>
          </reporter-output>
        </test-method> <!-- report -->
        <test-method status="PASS" signature="afterMethod()[pri:0, instance:com.masReport.MailSend.NewTest@327471b5]" name="afterMethod" is-config="true" duration-ms="1276" started-at="2017-08-17T10:53:08Z" finished-at="2017-08-17T10:53:09Z">
          <reporter-output>
          </reporter-output>
        </test-method> <!-- afterMethod -->
      </class> <!-- com.masReport.MailSend.NewTest -->
    </test> <!-- Test -->
  </suite> <!-- Suite -->
</testng-results>
